[2024-07-27 19:40:04 +0000] [1] [INFO] Starting gunicorn 22.0.0
[2024-07-27 19:40:04 +0000] [1] [INFO] Listening at: http://0.0.0.0:8001 (1)
[2024-07-27 19:40:04 +0000] [1] [INFO] Using worker: gthread
[2024-07-27 19:40:05 +0000] [7] [INFO] Booting worker with pid: 7
[2024-07-27 19:40:05 +0000] [8] [INFO] Booting worker with pid: 8
[2024-07-27 19:40:05 +0000] [9] [INFO] Booting worker with pid: 9
[2024-07-27 19:40:05 +0000] [10] [INFO] Booting worker with pid: 10
[2024-07-27 19:43:40 +0000] [1] [INFO] Handling signal: term
[2024-07-27 19:43:41 +0000] [7] [INFO] Worker exiting (pid: 7)
[2024-07-27 19:43:41 +0000] [8] [INFO] Worker exiting (pid: 8)
[2024-07-27 19:43:41 +0000] [9] [INFO] Worker exiting (pid: 9)
[2024-07-27 19:43:41 +0000] [10] [INFO] Worker exiting (pid: 10)
[2024-07-27 19:43:42 +0000] [1] [INFO] Shutting down: Master
[2024-07-27 19:48:36 +0000] [1] [INFO] Starting gunicorn 22.0.0
[2024-07-27 19:48:36 +0000] [1] [INFO] Listening at: http://0.0.0.0:8001 (1)
[2024-07-27 19:48:36 +0000] [1] [INFO] Using worker: gthread
[2024-07-27 19:48:36 +0000] [7] [INFO] Booting worker with pid: 7
[2024-07-27 19:48:36 +0000] [8] [INFO] Booting worker with pid: 8
[2024-07-27 19:48:37 +0000] [9] [INFO] Booting worker with pid: 9
[2024-07-27 19:48:37 +0000] [10] [INFO] Booting worker with pid: 10
[2024-07-27 19:52:47 +0000] [1] [INFO] Handling signal: term
[2024-07-27 19:52:48 +0000] [7] [INFO] Worker exiting (pid: 7)
[2024-07-27 19:52:48 +0000] [8] [INFO] Worker exiting (pid: 8)
[2024-07-27 19:52:48 +0000] [9] [INFO] Worker exiting (pid: 9)
[2024-07-27 19:52:48 +0000] [10] [INFO] Worker exiting (pid: 10)
[2024-07-27 19:52:49 +0000] [1] [INFO] Shutting down: Master
[2024-07-27 19:55:36 +0000] [1] [INFO] Starting gunicorn 22.0.0
[2024-07-27 19:55:36 +0000] [1] [INFO] Listening at: http://0.0.0.0:8001 (1)
[2024-07-27 19:55:36 +0000] [1] [INFO] Using worker: gthread
[2024-07-27 19:55:36 +0000] [6] [INFO] Booting worker with pid: 6
[2024-07-27 19:55:36 +0000] [7] [INFO] Booting worker with pid: 7
[2024-07-27 19:55:36 +0000] [8] [INFO] Booting worker with pid: 8
[2024-07-27 19:55:36 +0000] [9] [INFO] Booting worker with pid: 9
[2024-07-27 19:57:33 +0000] [1] [INFO] Handling signal: term
[2024-07-27 19:57:33 +0000] [6] [INFO] Worker exiting (pid: 6)
[2024-07-27 19:57:34 +0000] [7] [INFO] Worker exiting (pid: 7)
[2024-07-27 19:57:34 +0000] [8] [INFO] Worker exiting (pid: 8)
[2024-07-27 19:57:34 +0000] [9] [INFO] Worker exiting (pid: 9)
[2024-07-27 19:57:34 +0000] [1] [INFO] Shutting down: Master
[2024-07-27 19:58:51 +0000] [1] [INFO] Starting gunicorn 22.0.0
[2024-07-27 19:58:51 +0000] [1] [INFO] Listening at: http://0.0.0.0:8001 (1)
[2024-07-27 19:58:51 +0000] [1] [INFO] Using worker: gthread
[2024-07-27 19:58:51 +0000] [7] [INFO] Booting worker with pid: 7
[2024-07-27 19:58:51 +0000] [8] [INFO] Booting worker with pid: 8
[2024-07-27 19:58:51 +0000] [9] [INFO] Booting worker with pid: 9
[2024-07-27 19:58:51 +0000] [10] [INFO] Booting worker with pid: 10
[2024-07-29 06:35:12 +0000] [1] [INFO] Handling signal: term
[2024-07-29 06:35:12 +0000] [7] [INFO] Worker exiting (pid: 7)
[2024-07-29 06:35:12 +0000] [8] [INFO] Worker exiting (pid: 8)
[2024-07-29 06:35:12 +0000] [9] [INFO] Worker exiting (pid: 9)
[2024-07-29 06:35:12 +0000] [10] [INFO] Worker exiting (pid: 10)
[2024-07-29 06:35:21 +0000] [1] [INFO] Shutting down: Master
[2024-07-29 17:52:07 +0000] [1] [INFO] Starting gunicorn 22.0.0
[2024-07-29 17:52:07 +0000] [1] [INFO] Listening at: http://0.0.0.0:8001 (1)
[2024-07-29 17:52:07 +0000] [1] [INFO] Using worker: gthread
[2024-07-29 17:52:07 +0000] [6] [INFO] Booting worker with pid: 6
[2024-07-29 17:52:07 +0000] [7] [INFO] Booting worker with pid: 7
[2024-07-29 17:52:07 +0000] [8] [INFO] Booting worker with pid: 8
[2024-07-29 17:52:07 +0000] [9] [INFO] Booting worker with pid: 9
[2024-07-30 04:38:51 +0000] [1] [INFO] Starting gunicorn 22.0.0
[2024-07-30 04:38:51 +0000] [1] [INFO] Listening at: http://0.0.0.0:8001 (1)
[2024-07-30 04:38:51 +0000] [1] [INFO] Using worker: gthread
[2024-07-30 04:38:52 +0000] [6] [INFO] Booting worker with pid: 6
[2024-07-30 04:38:52 +0000] [7] [INFO] Booting worker with pid: 7
[2024-07-30 04:38:53 +0000] [8] [INFO] Booting worker with pid: 8
[2024-07-30 04:38:53 +0000] [9] [INFO] Booting worker with pid: 9
[2024-07-30 17:57:10 +0000] [1] [INFO] Starting gunicorn 22.0.0
[2024-07-30 17:57:11 +0000] [1] [INFO] Listening at: http://0.0.0.0:8001 (1)
[2024-07-30 17:57:11 +0000] [1] [INFO] Using worker: gthread
[2024-07-30 17:57:11 +0000] [6] [INFO] Booting worker with pid: 6
[2024-07-30 17:57:11 +0000] [7] [INFO] Booting worker with pid: 7
[2024-07-30 17:57:11 +0000] [8] [INFO] Booting worker with pid: 8
[2024-07-30 17:57:11 +0000] [9] [INFO] Booting worker with pid: 9
[2024-07-30 18:44:32 +0000] [1] [INFO] Handling signal: term
[2024-07-30 18:44:33 +0000] [6] [INFO] Worker exiting (pid: 6)
[2024-07-30 18:44:33 +0000] [7] [INFO] Worker exiting (pid: 7)
[2024-07-30 18:44:33 +0000] [9] [INFO] Worker exiting (pid: 9)
[2024-07-30 18:44:33 +0000] [8] [INFO] Worker exiting (pid: 8)
[2024-07-30 18:44:37 +0000] [1] [INFO] Shutting down: Master
